<?xml version="1.0" encoding="UTF-8"?>
<testng-results ignored="0" total="1" passed="1" failed="0" skipped="0">
  <reporter-output>
  </reporter-output>
  <suite started-at="2024-12-08T19:46:56 IST" name="Pro suite" finished-at="2024-12-08T19:47:04 IST" duration-ms="8373">
    <groups>
    </groups>
    <test started-at="2024-12-08T19:46:56 IST" name="LoginTests" finished-at="2024-12-08T19:47:04 IST" duration-ms="8373">
      <class name="com.org.main.Sundar_Project01.LoginTest">
        <test-method is-config="true" signature="setUp()[pri:0, instance:com.org.main.Sundar_Project01.LoginTest@10aa41f2]" started-at="2024-12-08T19:46:56 IST" name="setUp" finished-at="2024-12-08T19:47:01 IST" duration-ms="4835" status="PASS">
          <reporter-output>
          </reporter-output>
        </test-method> <!-- setUp -->
        <test-method signature="testLogin()[pri:0, instance:com.org.main.Sundar_Project01.LoginTest@10aa41f2]" started-at="2024-12-08T19:47:01 IST" name="testLogin" finished-at="2024-12-08T19:47:04 IST" duration-ms="3254" status="PASS">
          <reporter-output>
          </reporter-output>
        </test-method> <!-- testLogin -->
        <test-method is-config="true" signature="tearDown()[pri:0, instance:com.org.main.Sundar_Project01.LoginTest@10aa41f2]" started-at="2024-12-08T19:47:04 IST" name="tearDown" finished-at="2024-12-08T19:47:04 IST" duration-ms="236" status="PASS">
          <reporter-output>
          </reporter-output>
        </test-method> <!-- tearDown -->
      </class> <!-- com.org.main.Sundar_Project01.LoginTest -->
    </test> <!-- LoginTests -->
  </suite> <!-- Pro suite -->
</testng-results>
